C51 COMPILER V9.56.0.0   I2C                                                               01/01/2017 18:03:49 PAGE 1   


C51 COMPILER V9.56.0.0, COMPILATION OF MODULE I2C
OBJECT MODULE PLACED IN .\obj\i2c.obj
COMPILER INVOKED BY: F:\Keil_v5\C51\BIN\C51.EXE i2c.c OPTIMIZE(8,SPEED) BROWSE DEBUG OBJECTEXTEND PRINT(.\obj\i2c.lst) O
                    -BJECT(.\obj\i2c.obj)

line level    source

   1          /*-----------------------------------------------
   2            名称：IIC协议 
   3            修改：无
   4            内容：函数是采用软件延时的方法产生SCL脉冲,固对高晶振频率要作 一定的修改....(本例是1us机器
   5                          周期,即晶振频率要小于12MHZ)
   6          ------------------------------------------------*/  
   7            
   8                        
   9          #include "i2c.h"
  10          #include "delay.h"
  11          
  12          #define  _Nop()  _nop_()  //定义空指令
  13                                   
  14          bit ack;                      //应答标志位
  15          
  16          sbit SDA=P2^0;
  17          sbit SCL=P2^1;
  18          
  19          /*------------------------------------------------
  20                              启动总线
  21          ------------------------------------------------*/
  22          void Start_I2c()
  23          {
  24   1        SDA=1;   //发送起始条件的数据信号
  25   1        _Nop();
  26   1        SCL=1;
  27   1        _Nop();    //起始条件建立时间大于4.7us,延时
  28   1        _Nop();
  29   1        _Nop();
  30   1        _Nop();
  31   1        _Nop();    
  32   1        SDA=0;     //发送起始信号
  33   1        _Nop();    //起始条件锁定时间大于4μ
  34   1        _Nop();
  35   1        _Nop();
  36   1        _Nop();
  37   1        _Nop();       
  38   1        SCL=0;    //钳住I2C总线，准备发送或接收数据
  39   1        _Nop();
  40   1        _Nop();
  41   1      }
  42          /*------------------------------------------------
  43                              结束总线
  44          ------------------------------------------------*/
  45          void Stop_I2c()
  46          {
  47   1        SDA=0;    //发送结束条件的数据信号
  48   1        _Nop();   //发送结束条件的时钟信号
  49   1        SCL=1;    //结束条件建立时间大于4μ
  50   1        _Nop();
  51   1        _Nop();
  52   1        _Nop();
  53   1        _Nop();
  54   1        _Nop();
C51 COMPILER V9.56.0.0   I2C                                                               01/01/2017 18:03:49 PAGE 2   

  55   1        SDA=1;    //发送I2C总线结束信号
  56   1        _Nop();
  57   1        _Nop();
  58   1        _Nop();
  59   1        _Nop();
  60   1      }
  61          
  62          
  63          /*----------------------------------------------------------------
  64                           字节数据传送函数               
  65          函数原型: void  SendByte(unsigned char c);
  66          功能:  将数据c发送出去,可以是地址,也可以是数据,发完后等待应答,并对
  67               此状态位进行操作.(不应答或非应答都使ack=0 假)     
  68               发送数据正常，ack=1; ack=0表示被控器无应答或损坏。
  69          ------------------------------------------------------------------*/
  70          void  SendByte(unsigned char c)
  71          {
  72   1       unsigned char BitCnt;
  73   1       
  74   1       for(BitCnt=0;BitCnt<8;BitCnt++)  //要传送的数据长度为8位
  75   1          {
  76   2           if((c<<BitCnt)&0x80)SDA=1;   //判断发送位
  77   2             else  SDA=0;                
  78   2           _Nop();
  79   2           SCL=1;               //置时钟线为高，通知被控器开始接收数据位
  80   2            _Nop(); 
  81   2            _Nop();             //保证时钟高电平周期大于4μ
  82   2            _Nop();
  83   2            _Nop();
  84   2            _Nop();         
  85   2           SCL=0; 
  86   2          }
  87   1          
  88   1          _Nop();
  89   1          _Nop();
  90   1          SDA=1;               //8位发送完后释放数据线，准备接收应答位
  91   1          _Nop();
  92   1          _Nop();   
  93   1          SCL=1;
  94   1          _Nop();
  95   1          _Nop();
  96   1          _Nop();
  97   1          if(SDA==1)ack=0;     
  98   1             else ack=1;        //判断是否接收到应答信号
  99   1          SCL=0;
 100   1          _Nop();
 101   1          _Nop();
 102   1      }
 103          
 104          
 105          
 106          
 107          
 108          
 109          
 110          /*----------------------------------------------------------------
 111                           字节数据传送函数               
 112          函数原型: unsigned char  RcvByte();
 113          功能:  用来接收从器件传来的数据,并判断总线错误(不发应答信号)，
 114               发完后请用应答函数。  
 115          ------------------------------------------------------------------*/    
 116          unsigned char  RcvByte()
C51 COMPILER V9.56.0.0   I2C                                                               01/01/2017 18:03:49 PAGE 3   

 117          {
 118   1        unsigned char retc;
 119   1        unsigned char BitCnt;
 120   1        
 121   1        retc=0; 
 122   1        SDA=1;             //置数据线为输入方式
 123   1        for(BitCnt=0;BitCnt<8;BitCnt++)
 124   1            {
 125   2              _Nop();           
 126   2              SCL=0;       //置时钟线为低，准备接收数据位
 127   2              _Nop();
 128   2              _Nop();      //时钟低电平周期大于4.7us
 129   2              _Nop();
 130   2              _Nop();
 131   2              _Nop();
 132   2              SCL=1;       //置时钟线为高使数据线上数据有效
 133   2              _Nop();
 134   2              _Nop();
 135   2              retc=retc<<1;
 136   2              if(SDA==1)retc=retc+1; //读数据位,接收的数据位放入retc中
 137   2              _Nop();
 138   2              _Nop(); 
 139   2            }
 140   1        SCL=0;    
 141   1        _Nop();
 142   1        _Nop();
 143   1        return(retc);
 144   1      }
 145          
 146          
 147          
 148          /*----------------------------------------------------------------
 149                               应答子函数
 150          原型:  void Ack_I2c(void);
 151           
 152          ----------------------------------------------------------------*/
 153          /*void Ack_I2c(void)
 154          {
 155            
 156            SDA=0;     
 157            _Nop();
 158            _Nop();
 159            _Nop();      
 160            SCL=1;
 161            _Nop();
 162            _Nop();              //时钟低电平周期大于4μ
 163            _Nop();
 164            _Nop();
 165            _Nop();  
 166            SCL=0;               //清时钟线，钳住I2C总线以便继续接收
 167            _Nop();
 168            _Nop();    
 169          }*/
 170          /*----------------------------------------------------------------
 171                               非应答子函数
 172          原型:  void NoAck_I2c(void);
 173           
 174          ----------------------------------------------------------------*/
 175          void NoAck_I2c(void)
 176          {
 177   1        
 178   1        SDA=1;
C51 COMPILER V9.56.0.0   I2C                                                               01/01/2017 18:03:49 PAGE 4   

 179   1        _Nop();
 180   1        _Nop();
 181   1        _Nop();      
 182   1        SCL=1;
 183   1        _Nop();
 184   1        _Nop();              //时钟低电平周期大于4μ
 185   1        _Nop();
 186   1        _Nop();
 187   1        _Nop();  
 188   1        SCL=0;                //清时钟线，钳住I2C总线以便继续接收
 189   1        _Nop();
 190   1        _Nop();    
 191   1      }
 192          
 193          
 194          /*----------------------------------------------------------------
 195                              向无子地址器件发送字节数据函数               
 196          函数原型: bit  ISendByte(unsigned char sla,ucahr c);  
 197          功能:     从启动总线到发送地址，数据，结束总线的全过程,从器件地址sla.
 198                     如果返回1表示操作成功，否则操作有误。
 199          注意：    使用前必须已结束总线。
 200          ----------------------------------------------------------------*/
 201          /*bit ISendByte(unsigned char sla,unsigned char c)
 202          {
 203             Start_I2c();               //启动总线
 204             SendByte(sla);             //发送器件地址
 205               if(ack==0)return(0);
 206             SendByte(c);               //发送数据
 207               if(ack==0)return(0);
 208            Stop_I2c();                 //结束总线
 209            return(1);
 210          }
 211          */
 212          
 213          /*----------------------------------------------------------------
 214                              向有子地址器件发送多字节数据函数               
 215          函数原型: bit  ISendStr(unsigned char sla,unsigned char suba,ucahr *s,unsigned char no);  
 216          功能:     从启动总线到发送地址，子地址,数据，结束总线的全过程,从器件
 217                    地址sla，子地址suba，发送内容是s指向的内容，发送no个字节。
 218                     如果返回1表示操作成功，否则操作有误。
 219          注意：    使用前必须已结束总线。
 220          ----------------------------------------------------------------*/
 221          /*bit ISendStr(unsigned char sla,unsigned char suba,unsigned char *s,unsigned char no)
 222          {
 223             unsigned char i;
 224           for(i=0;i<no;i++)
 225              { 
 226             Start_I2c();               //启动总线
 227             SendByte(sla);             //发送器件地址
 228               if(ack==0)return(0);
 229             SendByte(suba);            //发送器件子地址
 230               if(ack==0)return(0); 
 231           
 232               SendByte(*s);            //发送数据
 233                 if(ack==0)return(0);
 234               Stop_I2c();                  //结束总线
 235                   DelayMs(1);               //必须延时等待芯片内部自动处理数据完毕
 236                   s++;
 237                   suba++;
 238              } 
 239            return(1);
 240          }
C51 COMPILER V9.56.0.0   I2C                                                               01/01/2017 18:03:49 PAGE 5   

 241          */
 242          /*----------------------------------------------------------------
 243                              向无子地址器件读字节数据函数               
 244          函数原型: bit  IRcvByte(unsigned char sla,ucahr *c);  
 245          功能:     从启动总线到发送地址，读数据，结束总线的全过程,从器件地
 246                    址sla，返回值在c.
 247                     如果返回1表示操作成功，否则操作有误。
 248          注意：    使用前必须已结束总线。
 249          ----------------------------------------------------------------*/
 250          /*bit IRcvByte(unsigned char sla,unsigned char *c)
 251          {
 252             Start_I2c();                //启动总线
 253             SendByte(sla+1);            //发送器件地址
 254               if(ack==0)return(0);
 255             *c=RcvByte();               //读取数据
 256               NoAck_I2c();              //发送非就答位
 257               Stop_I2c();               //结束总线
 258            return(1);
 259          }
 260          
 261          */
 262          /*----------------------------------------------------------------
 263                              向有子地址器件读取多字节数据函数               
 264          函数原型: bit  ISendStr(unsigned char sla,unsigned char suba,ucahr *s,unsigned char no);  
 265          功能:     从启动总线到发送地址，子地址,读数据，结束总线的全过程,从器件
 266                    地址sla，子地址suba，读出的内容放入s指向的存储区，读no个字节。
 267                     如果返回1表示操作成功，否则操作有误。
 268          注意：    使用前必须已结束总线。
 269          ----------------------------------------------------------------*/
 270          /*bit IRcvStr(unsigned char sla,unsigned char suba,unsigned char *s,unsigned char no)
 271          {
 272             unsigned char i;
 273          
 274             Start_I2c();               //启动总线
 275             SendByte(sla);             //发送器件地址
 276               if(ack==0)return(0);
 277             SendByte(suba);            //发送器件子地址
 278               if(ack==0)return(0);
 279          
 280             Start_I2c();
 281             SendByte(sla+1);
 282                if(ack==0)return(0);
 283          
 284            for(i=0;i<no-1;i++)
 285              { 
 286               *s=RcvByte();              //发送数据
 287                Ack_I2c();                //发送就答位 
 288               s++;
 289              } 
 290             *s=RcvByte();
 291              NoAck_I2c();                 //发送非应位
 292              Stop_I2c();                    //结束总线
 293            return(1);
 294          }
 295          */


MODULE INFORMATION:   STATIC OVERLAYABLE
   CODE SIZE        =    152    ----
   CONSTANT SIZE    =   ----    ----
   XDATA SIZE       =   ----    ----
   PDATA SIZE       =   ----    ----
C51 COMPILER V9.56.0.0   I2C                                                               01/01/2017 18:03:49 PAGE 6   

   DATA SIZE        =   ----    ----
   IDATA SIZE       =   ----    ----
   BIT SIZE         =      1    ----
END OF MODULE INFORMATION.


C51 COMPILATION COMPLETE.  0 WARNING(S),  0 ERROR(S)
